[0mGET /users/ [36m304[0m 195.609 ms - -[0m
[0mGET /users/ [36m304[0m 209.151 ms - -[0m
[0mGET /users/1 [36m304[0m 223.309 ms - -[0m
GET /users/1 304 - - 210.155 ms
[0mGET /users/8 [32m200[0m 304.442 ms - 425[0m
[0mGET /users/6 [32m200[0m 288.292 ms - 442[0m
[0mGET /users/6/photos [32m200[0m 3170.839 ms - 88381[0m
[0mGET /users/6/photos [36m304[0m 2855.535 ms - -[0m
[0mGET /users/6/photos [36m304[0m 2331.106 ms - -[0m
[0mGET /users/6/photos [36m304[0m 2142.552 ms - -[0m
[0mGET /users/6/photos [36m304[0m 2053.780 ms - -[0m
[0mGET /users/6/photos [36m304[0m 2113.135 ms - -[0m
[0mGET /users/6/photos [36m304[0m 2105.479 ms - -[0m
[0mGET /users/6/photos [36m304[0m 2115.846 ms - -[0m
[0mGET /users/6/photos [36m304[0m 1924.967 ms - -[0m
[0mGET /users/6/photos [36m304[0m 2046.594 ms - -[0m
[0mGET /users/6/photos [36m304[0m 1971.582 ms - -[0m
[0mGET /users/6/photos [36m304[0m 1972.930 ms - -[0m
[0mGET /users/6/photos [36m304[0m 1870.267 ms - -[0m
[0mGET /users/6/photos [36m304[0m 2156.496 ms - -[0m
[0mGET /users/6/photos [36m304[0m 2059.985 ms - -[0m
[0mGET /users/6/photos [36m304[0m 1905.868 ms - -[0m
[0mGET /users/6/photos [36m304[0m 2056.199 ms - -[0m
[0mGET /users/6/photos [36m304[0m 1996.927 ms - -[0m
[0mGET /users/6/photos [36m304[0m 1937.299 ms - -[0m
[0mGET /users/6/photos [36m304[0m 1978.623 ms - -[0m
[0mGET /users/6/photos [36m304[0m 1907.519 ms - -[0m
[0mGET /users/6/photos [36m304[0m 2007.188 ms - -[0m
[0mGET /users/6/photos [36m304[0m 2044.822 ms - -[0m
[0mGET /users/6 [36m304[0m 297.193 ms - -[0m
[0mGET /users/7 [32m200[0m 222.119 ms - 404[0m
[0mGET /users/7 [36m304[0m 258.769 ms - -[0m
[0mGET /users/8 [36m304[0m 164.336 ms - -[0m
[0mGET /users/4 [32m200[0m 379.400 ms - 24[0m
[0mGET /users/5 [32m200[0m 163.481 ms - 24[0m
[0mGET /users/8 [32m200[0m 158.950 ms - 24[0m
[0mGET /users/8 [36m304[0m 222.293 ms - -[0m
[0mGET /users/8 [32m200[0m 207.949 ms - 425[0m
[0mGET /users/8 [32m200[0m 246.734 ms - 24[0m
[0mGET /users/8 [32m200[0m 203.169 ms - 425[0m
[0mGET /users/9 [32m200[0m 283.683 ms - 427[0m
[0mGET /users/6 [36m304[0m 209.784 ms - -[0m
[0mGET /users/4 [32m200[0m 288.502 ms - 429[0m
[0mGET /users/5 [32m200[0m 259.487 ms - 411[0m
[0mGET /users/6 [36m304[0m 227.632 ms - -[0m
[0mGET /users/1 [36m304[0m 209.893 ms - -[0m
[0mGET /users/2/albums [33m404[0m 3.664 ms - 23[0m
[0mGET /users/2 [32m200[0m 193.803 ms - 413[0m
[0mGET /users/4 [32m200[0m 235.741 ms - 24[0m
[0mGET /users/4 [32m200[0m 225.924 ms - 429[0m
[0mGET /users/5 [36m304[0m 220.086 ms - -[0m
[0mGET /users/6 [36m304[0m 211.204 ms - -[0m
[0mGET /users/1 [36m304[0m 212.521 ms - -[0m
[0mGET /users/3 [32m200[0m 265.635 ms - 424[0m
[0mGET /users/5 [36m304[0m 248.922 ms - -[0m
[0mGET /users/7 [36m304[0m 265.164 ms - -[0m
[0mGET /users/7 [36m304[0m 206.988 ms - -[0m
[0mGET /users/7 [36m304[0m 220.079 ms - -[0m
[0mGET /users/9 [36m304[0m 305.892 ms - -[0m
[0mGET /users [36m304[0m 208.012 ms - -[0m
[0mGET /users [36m304[0m 253.764 ms - -[0m
[0mGET /users/1/photos [36m304[0m 2050.399 ms - -[0m
[0mGET /users/1 [36m304[0m 201.491 ms - -[0m
[0mGET /posts [36m304[0m 202.735 ms - -[0m
[0mGET /posts/1 [36m304[0m 287.581 ms - -[0m
[0mGET /posts/1 [36m304[0m 197.679 ms - -[0m
[0mGET /posts/2 [32m200[0m 272.357 ms - 273[0m
[0mGET /posts/2 [36m304[0m 258.772 ms - -[0m
[0mGET /users [36m304[0m 226.289 ms - -[0m
[0mGET /users/1 [36m304[0m 264.844 ms - -[0m
[0mGET /users/1 [32m200[0m 256.086 ms - 24[0m
[0mGET /users/1 [36m304[0m 361.294 ms - -[0m
[0mGET /users/1 [32m200[0m 200.671 ms - 413[0m
[0mGET /users/2 [36m304[0m 196.941 ms - -[0m
[0mGET /users/2 [36m304[0m 213.423 ms - -[0m
[0mGET /users/2 [36m304[0m 212.924 ms - -[0m
[0mGET /users/5 [36m304[0m 206.661 ms - -[0m
[0mGET /users/6 [36m304[0m 197.375 ms - -[0m
[0mGET /users/7 [36m304[0m 197.589 ms - -[0m
[0mGET /users/7 [36m304[0m 221.937 ms - -[0m
[0mGET /users/7 [36m304[0m 199.182 ms - -[0m
[0mGET /users/7 [36m304[0m 243.682 ms - -[0m
[0mGET /users/7 [36m304[0m 281.518 ms - -[0m
[0mGET /users/7 [36m304[0m 199.276 ms - -[0m
[0mGET /posts [36m304[0m 222.160 ms - -[0m
[0mGET /posts/1 [36m304[0m 255.017 ms - -[0m
[0mGET /posts/1 [36m304[0m 225.112 ms - -[0m
[0mGET /posts/1 [36m304[0m 214.232 ms - -[0m
[0mGET /users [36m304[0m 240.247 ms - -[0m
[0mGET /users/1 [36m304[0m 205.506 ms - -[0m
[0mGET /posts/1 [36m304[0m 205.640 ms - -[0m
[0mGET /users [36m304[0m 208.081 ms - -[0m
[0mGET /users/1/photos [36m304[0m 2064.469 ms - -[0m
